<?xml version="1.0" encoding="UTF-8"?>
<!-- Generated by org.testng.reporters.JUnitXMLReporter -->
<testsuite hostname="LAPTOP-6N2GONVC" failures="0" tests="3" name="TestNG_Test" time="72.756" errors="0" timestamp="17 Aug 2021 12:57:50 GMT">
  <testcase classname="selenium_artifactid.Hello" name="choosedriver" time="24.419"/>
  <testcase classname="selenium_artifactid.Hello" name="operations" time="5.206"/>
  <testcase classname="selenium_artifactid.Hello" name="openpage2" time="43.081"/>
</testsuite> <!-- TestNG_Test -->
