<?xml version="1.0" encoding="UTF-8"?>
<!-- Generated by org.testng.reporters.JUnitXMLReporter -->
<testsuite hostname="LAPTOP-6N2GONVC" failures="1" tests="4" name="TestNG_Test" time="105.018" errors="0" timestamp="24 Aug 2021 19:33:20 GMT">
  <testcase classname="selenium_artifactid.Hello" name="instansiate_driver" time="3.17"/>
  <testcase classname="selenium_artifactid.Hello" name="operations" time="69.711"/>
  <testcase classname="selenium_artifactid.Hello" name="openpage2" time="32.068"/>
  <testcase classname="selenium_artifactid.Hello" name="brokenlinks" time="0.011">
    <failure type="org.openqa.selenium.NoSuchSessionException" message="Session ID is null. Using WebDriver after calling quit()?
Build info: version: &amp;apos;4.0.0-alpha-6&amp;apos;, revision: &amp;apos;5f43a29cfc&amp;apos;
System info: host: &amp;apos;LAPTOP-6N2GONVC&amp;apos;, ip: &amp;apos;169.254.172.14&amp;apos;, os.name: &amp;apos;Windows 10&amp;apos;, os.arch: &amp;apos;amd64&amp;apos;, os.version: &amp;apos;10.0&amp;apos;, java.version: &amp;apos;16.0.1&amp;apos;
Driver info: driver.version: RemoteWebDriver">
      <![CDATA[org.openqa.selenium.NoSuchSessionException: Session ID is null. Using WebDriver after calling quit()?
Build info: version: '4.0.0-alpha-6', revision: '5f43a29cfc'
System info: host: 'LAPTOP-6N2GONVC', ip: '169.254.172.14', os.name: 'Windows 10', os.arch: 'amd64', os.version: '10.0', java.version: '16.0.1'
Driver info: driver.version: RemoteWebDriver
	at org.openqa.selenium.remote.HttpCommandExecutor.execute(HttpCommandExecutor.java:127)
	at org.openqa.selenium.remote.service.DriverCommandExecutor.execute(DriverCommandExecutor.java:83)
	at org.openqa.selenium.remote.RemoteWebDriver.execute(RemoteWebDriver.java:582)
	at org.openqa.selenium.remote.RemoteWebDriver.findElements(RemoteWebDriver.java:362)
	at org.openqa.selenium.remote.RemoteWebDriver.findElementsByTagName(RemoteWebDriver.java:416)
	at org.openqa.selenium.By$ByTagName.findElements(By.java:346)
	at org.openqa.selenium.remote.RemoteWebDriver.findElements(RemoteWebDriver.java:320)
	at selenium_artifactid.Hello.brokenlinks(Hello.java:216)
... Removed 24 stack frames]]>
    </failure>
  </testcase> <!-- brokenlinks -->
</testsuite> <!-- TestNG_Test -->
