<?xml version="1.0" encoding="UTF-8"?>
<testng-results total="3" passed="3" failed="0" skipped="0">
  <reporter-output>
  </reporter-output>
  <suite started-at="2021-08-10T17:21:18Z" name="TestNG_Suite" finished-at="2021-08-10T17:22:48Z" duration-ms="89631">
    <groups>
      <group name="naukri">
        <method signature="hello.instansiate_driver()[pri:0, instance:selenium_artifactid.hello@60438a68]" name="instansiate_driver" class="selenium_artifactid.hello"/>
        <method signature="hello.openpage2()[pri:0, instance:selenium_artifactid.hello@60438a68]" name="openpage2" class="selenium_artifactid.hello"/>
        <method signature="hello.operations()[pri:0, instance:selenium_artifactid.hello@60438a68]" name="operations" class="selenium_artifactid.hello"/>
      </group> <!-- naukri -->
      <group name="tabs">
        <method signature="hello.instansiate_driver()[pri:0, instance:selenium_artifactid.hello@60438a68]" name="instansiate_driver" class="selenium_artifactid.hello"/>
      </group> <!-- tabs -->
      <group name="certs">
        <method signature="hello.instansiate_driver()[pri:0, instance:selenium_artifactid.hello@60438a68]" name="instansiate_driver" class="selenium_artifactid.hello"/>
      </group> <!-- certs -->
      <group name="jira">
        <method signature="hello.instansiate_driver()[pri:0, instance:selenium_artifactid.hello@60438a68]" name="instansiate_driver" class="selenium_artifactid.hello"/>
        <method signature="hello.operations()[pri:0, instance:selenium_artifactid.hello@60438a68]" name="operations" class="selenium_artifactid.hello"/>
      </group> <!-- jira -->
    </groups>
    <test started-at="2021-08-10T17:21:18Z" name="TestNG_Test" finished-at="2021-08-10T17:22:48Z" duration-ms="89631">
      <class name="selenium_artifactid.hello">
        <test-method signature="instansiate_driver()[pri:0, instance:selenium_artifactid.hello@60438a68]" started-at="2021-08-10T22:51:18Z" name="instansiate_driver" finished-at="2021-08-10T22:51:45Z" duration-ms="27494" status="PASS">
          <reporter-output>
          </reporter-output>
        </test-method> <!-- instansiate_driver -->
        <test-method signature="openpage2()[pri:0, instance:selenium_artifactid.hello@60438a68]" started-at="2021-08-10T22:51:45Z" name="openpage2" finished-at="2021-08-10T22:52:10Z" duration-ms="24590" status="PASS">
          <reporter-output>
          </reporter-output>
        </test-method> <!-- openpage2 -->
        <test-method signature="operations()[pri:0, instance:selenium_artifactid.hello@60438a68]" started-at="2021-08-10T22:52:10Z" name="operations" finished-at="2021-08-10T22:52:48Z" duration-ms="37524" status="PASS">
          <reporter-output>
          </reporter-output>
        </test-method> <!-- operations -->
      </class> <!-- selenium_artifactid.hello -->
    </test> <!-- TestNG_Test -->
  </suite> <!-- TestNG_Suite -->
</testng-results>
