<?xml version="1.0" encoding="UTF-8"?>
<testsuite name="TestSuite" time="0.985" tests="1" errors="0" skipped="0" failures="1">
  <properties>
[...]
</properties>
  <testcase name="readExcel" classname="selenium_artifactid.Hello" time="0.985">
    <failure message="Cannot invoke &quot;org.apache.poi.ss.usermodel.Row.createCell(int)&quot; because the return value of &quot;org.apache.poi.ss.usermodel.Sheet.getRow(int)&quot; is null" type="java.lang.NullPointerException">java.lang.NullPointerException: Cannot invoke "org.apache.poi.ss.usermodel.Row.createCell(int)" because the return value of "org.apache.poi.ss.usermodel.Sheet.getRow(int)" is null
	at selenium_artifactid.Hello.readExcel(Hello.java:86)
</failure>
    <system-out>val :6
</system-out>
  </testcase>
</testsuite>