<?xml version="1.0" encoding="UTF-8"?>
<!-- Generated by org.testng.reporters.JUnitXMLReporter -->
<testsuite hostname="LAPTOP-6N2GONVC" failures="1" tests="1" name="TestNG_Test" time="1.003" errors="0" timestamp="13 Sep 2021 18:02:55 GMT">
  <testcase classname="selenium_artifactid.Hello" name="readExcel" time="0.978">
    <failure type="java.lang.NullPointerException" message="Cannot invoke &amp;quot;org.apache.poi.ss.usermodel.Row.createCell(int)&amp;quot; because the return value of &amp;quot;org.apache.poi.ss.usermodel.Sheet.getRow(int)&amp;quot; is null">
      <![CDATA[java.lang.NullPointerException: Cannot invoke "org.apache.poi.ss.usermodel.Row.createCell(int)" because the return value of "org.apache.poi.ss.usermodel.Sheet.getRow(int)" is null
	at selenium_artifactid.Hello.readExcel(Hello.java:86)
... Removed 33 stack frames]]>
    </failure>
  </testcase> <!-- readExcel -->
</testsuite> <!-- TestNG_Test -->
