<?xml version="1.0" encoding="UTF-8"?>
<!-- Generated by org.testng.reporters.JUnitXMLReporter -->
<testsuite hostname="LAPTOP-6N2GONVC" failures="0" tests="3" name="TestNG_Test" time="89.631" errors="0" timestamp="10 Aug 2021 17:22:48 GMT">
  <testcase classname="selenium_artifactid.hello" name="instansiate_driver" time="27.494"/>
  <testcase classname="selenium_artifactid.hello" name="openpage2" time="24.59"/>
  <testcase classname="selenium_artifactid.hello" name="operations" time="37.524"/>
</testsuite> <!-- TestNG_Test -->
