<?xml version="1.0" encoding="UTF-8"?>
<testng-results total="3" passed="3" failed="0" skipped="0">
  <reporter-output>
  </reporter-output>
  <suite started-at="2021-08-17T12:56:37Z" name="TestNG_Suite" finished-at="2021-08-17T12:57:50Z" duration-ms="72756">
    <groups>
      <group name="naukri">
        <method signature="Hello.openpage2(java.lang.String)[pri:0, instance:selenium_artifactid.Hello@2fd6b6c7]" name="openpage2" class="selenium_artifactid.Hello"/>
        <method signature="Hello.operations()[pri:0, instance:selenium_artifactid.Hello@2fd6b6c7]" name="operations" class="selenium_artifactid.Hello"/>
      </group> <!-- naukri -->
      <group name="remote">
        <method signature="Hello.choosedriver()[pri:0, instance:selenium_artifactid.Hello@2fd6b6c7]" name="choosedriver" class="selenium_artifactid.Hello"/>
        <method signature="Hello.openpage2(java.lang.String)[pri:0, instance:selenium_artifactid.Hello@2fd6b6c7]" name="openpage2" class="selenium_artifactid.Hello"/>
        <method signature="Hello.operations()[pri:0, instance:selenium_artifactid.Hello@2fd6b6c7]" name="operations" class="selenium_artifactid.Hello"/>
      </group> <!-- remote -->
      <group name="jira">
        <method signature="Hello.operations()[pri:0, instance:selenium_artifactid.Hello@2fd6b6c7]" name="operations" class="selenium_artifactid.Hello"/>
      </group> <!-- jira -->
    </groups>
    <test started-at="2021-08-17T12:56:37Z" name="TestNG_Test" finished-at="2021-08-17T12:57:50Z" duration-ms="72756">
      <class name="selenium_artifactid.Hello">
        <test-method signature="choosedriver()[pri:0, instance:selenium_artifactid.Hello@2fd6b6c7]" started-at="2021-08-17T18:26:38Z" name="choosedriver" finished-at="2021-08-17T18:27:02Z" duration-ms="24419" status="PASS">
          <reporter-output>
          </reporter-output>
        </test-method> <!-- choosedriver -->
        <test-method signature="operations()[pri:0, instance:selenium_artifactid.Hello@2fd6b6c7]" started-at="2021-08-17T18:27:02Z" name="operations" finished-at="2021-08-17T18:27:07Z" duration-ms="5206" status="PASS">
          <reporter-output>
          </reporter-output>
        </test-method> <!-- operations -->
        <test-method signature="openpage2(java.lang.String)[pri:0, instance:selenium_artifactid.Hello@2fd6b6c7]" started-at="2021-08-17T18:27:07Z" name="openpage2" finished-at="2021-08-17T18:27:50Z" duration-ms="43081" status="PASS">
          <params>
            <param index="0">
              <value>
                <![CDATA[hello]]>
              </value>
            </param>
          </params>
          <reporter-output>
          </reporter-output>
        </test-method> <!-- openpage2 -->
      </class> <!-- selenium_artifactid.Hello -->
    </test> <!-- TestNG_Test -->
  </suite> <!-- TestNG_Suite -->
</testng-results>
