<?xml version="1.0" encoding="UTF-8"?>
<testng-results ignored="4" total="7" passed="3" failed="0" skipped="0">
  <reporter-output>
  </reporter-output>
  <suite started-at="2021-08-10T23:11:12 IST" name="TestNG_Suite" finished-at="2021-08-10T23:12:12 IST" duration-ms="60524">
    <groups>
      <group name="naukri">
        <method signature="hello.instansiate_driver()[pri:0, instance:selenium_artifactid.hello@481a996b]" name="instansiate_driver" class="selenium_artifactid.hello"/>
        <method signature="hello.openpage2()[pri:2, instance:selenium_artifactid.hello@481a996b]" name="openpage2" class="selenium_artifactid.hello"/>
        <method signature="hello.operations()[pri:3, instance:selenium_artifactid.hello@481a996b]" name="operations" class="selenium_artifactid.hello"/>
      </group> <!-- naukri -->
      <group name="tabs">
        <method signature="hello.instansiate_driver()[pri:0, instance:selenium_artifactid.hello@481a996b]" name="instansiate_driver" class="selenium_artifactid.hello"/>
      </group> <!-- tabs -->
      <group name="certs">
        <method signature="hello.instansiate_driver()[pri:0, instance:selenium_artifactid.hello@481a996b]" name="instansiate_driver" class="selenium_artifactid.hello"/>
      </group> <!-- certs -->
      <group name="jira">
        <method signature="hello.instansiate_driver()[pri:0, instance:selenium_artifactid.hello@481a996b]" name="instansiate_driver" class="selenium_artifactid.hello"/>
        <method signature="hello.operations()[pri:3, instance:selenium_artifactid.hello@481a996b]" name="operations" class="selenium_artifactid.hello"/>
      </group> <!-- jira -->
    </groups>
    <test started-at="2021-08-10T23:11:12 IST" name="TestNG_Test" finished-at="2021-08-10T23:12:12 IST" duration-ms="60524">
      <class name="selenium_artifactid.hello">
        <test-method signature="instansiate_driver()[pri:0, instance:selenium_artifactid.hello@481a996b]" started-at="2021-08-10T23:11:12 IST" name="instansiate_driver" finished-at="2021-08-10T23:11:17 IST" duration-ms="5617" status="PASS">
          <reporter-output>
          </reporter-output>
        </test-method> <!-- instansiate_driver -->
        <test-method signature="openpage2()[pri:2, instance:selenium_artifactid.hello@481a996b]" started-at="2021-08-10T23:11:17 IST" name="openpage2" finished-at="2021-08-10T23:11:36 IST" duration-ms="18876" status="PASS">
          <reporter-output>
          </reporter-output>
        </test-method> <!-- openpage2 -->
        <test-method signature="operations()[pri:3, instance:selenium_artifactid.hello@481a996b]" started-at="2021-08-10T23:11:36 IST" name="operations" finished-at="2021-08-10T23:12:12 IST" duration-ms="35934" status="PASS">
          <reporter-output>
          </reporter-output>
        </test-method> <!-- operations -->
      </class> <!-- selenium_artifactid.hello -->
    </test> <!-- TestNG_Test -->
  </suite> <!-- TestNG_Suite -->
</testng-results>
